2026-01-26 12:26:27 | INFO     | ================================================================================
2026-01-26 12:26:27 | INFO     | STELLAR CATALOG DEDUPLICATION - FINAL VERSION
2026-01-26 12:26:27 | INFO     | ================================================================================
2026-01-26 12:26:27 | INFO     | Input: /user/sutirtha/BallTree_Xmatch/Final_weight_cal_gaia_params_duplicate.fits
2026-01-26 12:26:27 | INFO     | Output: /user/sutirtha/BallTree_Xmatch/Entire_catalogue.fits
2026-01-26 12:26:27 | INFO     | Workers: 64
2026-01-26 12:26:27 | INFO     | 
[PHASE 1] Loading metadata...
2026-01-26 12:28:26 | INFO     | Rows: 52,112,379, Columns: 213
2026-01-26 12:28:30 | INFO     | HEALPix regions: 64,770
2026-01-26 12:28:30 | INFO     | 
[PHASE 2] Finding candidate pairs...
2026-01-26 12:28:35 | INFO     | Processing 64,770 regions...
2026-01-26 12:28:45 | INFO     |   2,000/64,770 regions, 535,558 pairs
2026-01-26 12:28:55 | INFO     |   4,000/64,770 regions, 1,113,392 pairs
2026-01-26 12:29:05 | INFO     |   6,000/64,770 regions, 1,294,848 pairs
2026-01-26 12:29:16 | INFO     |   8,000/64,770 regions, 2,268,207 pairs
2026-01-26 12:29:28 | INFO     |   10,000/64,770 regions, 3,249,073 pairs
2026-01-26 12:29:39 | INFO     |   12,000/64,770 regions, 3,933,164 pairs
2026-01-26 12:29:53 | INFO     |   14,000/64,770 regions, 5,705,191 pairs
2026-01-26 12:30:07 | INFO     |   16,000/64,770 regions, 7,923,113 pairs
2026-01-26 12:30:22 | INFO     |   18,000/64,770 regions, 8,488,110 pairs
2026-01-26 12:30:39 | INFO     |   20,000/64,770 regions, 9,558,536 pairs
2026-01-26 12:30:59 | INFO     |   22,000/64,770 regions, 10,675,126 pairs
2026-01-26 12:31:19 | INFO     |   24,000/64,770 regions, 11,213,033 pairs
2026-01-26 12:31:35 | INFO     |   26,000/64,770 regions, 11,302,485 pairs
2026-01-26 12:31:53 | INFO     |   28,000/64,770 regions, 12,573,900 pairs
2026-01-26 12:32:11 | INFO     |   30,000/64,770 regions, 13,386,263 pairs
2026-01-26 12:32:30 | INFO     |   32,000/64,770 regions, 14,557,603 pairs
2026-01-26 12:32:51 | INFO     |   34,000/64,770 regions, 16,891,796 pairs
2026-01-26 12:33:14 | INFO     |   36,000/64,770 regions, 18,971,602 pairs
2026-01-26 12:33:40 | INFO     |   38,000/64,770 regions, 20,013,153 pairs
2026-01-26 12:34:05 | INFO     |   40,000/64,770 regions, 22,099,927 pairs
2026-01-26 12:34:28 | INFO     |   42,000/64,770 regions, 22,214,443 pairs
2026-01-26 12:34:51 | INFO     |   44,000/64,770 regions, 22,447,338 pairs
2026-01-26 12:35:14 | INFO     |   46,000/64,770 regions, 22,688,062 pairs
2026-01-26 12:35:36 | INFO     |   48,000/64,770 regions, 22,918,279 pairs
2026-01-26 12:36:01 | INFO     |   50,000/64,770 regions, 23,554,483 pairs
2026-01-26 12:36:27 | INFO     |   52,000/64,770 regions, 24,469,507 pairs
2026-01-26 12:36:52 | INFO     |   54,000/64,770 regions, 24,887,681 pairs
2026-01-26 12:37:20 | INFO     |   56,000/64,770 regions, 25,917,107 pairs
2026-01-26 12:37:46 | INFO     |   58,000/64,770 regions, 26,444,756 pairs
2026-01-26 12:38:12 | INFO     |   60,000/64,770 regions, 26,602,323 pairs
2026-01-26 12:38:37 | INFO     |   62,000/64,770 regions, 26,872,791 pairs
2026-01-26 12:39:04 | INFO     |   64,000/64,770 regions, 27,381,682 pairs
2026-01-26 12:39:16 | INFO     |   64,770/64,770 regions, 27,540,273 pairs
2026-01-26 12:39:16 | INFO     | Total pairs: 27,540,273
2026-01-26 12:39:18 | INFO     | 
[PHASE 3] Building groups (Union-Find)...
2026-01-26 12:40:42 | INFO     | Unique stars: 32,552,876
2026-01-26 12:40:42 | INFO     | Duplicates merged: 19,559,503 (37.53%)
2026-01-26 12:40:42 | INFO     | Largest group: 18
2026-01-26 12:40:42 | INFO     | 
[PHASE 4] Aggregating...
2026-01-26 12:40:56 | INFO     | Single: 19,459,422, Multi: 13,093,454
2026-01-26 12:40:56 | INFO     | Loading 213 columns...
2026-01-26 12:43:11 | INFO     | Loaded 213 columns
2026-01-26 12:43:11 | INFO     | Pass-through numeric columns: 153
2026-01-26 12:43:11 | INFO     | Processing singles...
2026-01-26 12:44:21 | INFO     |   Singles: 1,000,000/19,459,422
2026-01-26 12:45:32 | INFO     |   Singles: 2,000,000/19,459,422
2026-01-26 12:46:43 | INFO     |   Singles: 3,000,000/19,459,422
2026-01-26 12:47:54 | INFO     |   Singles: 4,000,000/19,459,422
2026-01-26 12:49:04 | INFO     |   Singles: 5,000,000/19,459,422
2026-01-26 12:50:15 | INFO     |   Singles: 6,000,000/19,459,422
2026-01-26 12:51:26 | INFO     |   Singles: 7,000,000/19,459,422
2026-01-26 12:52:38 | INFO     |   Singles: 8,000,000/19,459,422
2026-01-26 12:53:51 | INFO     |   Singles: 9,000,000/19,459,422
2026-01-26 12:55:06 | INFO     |   Singles: 10,000,000/19,459,422
2026-01-26 12:56:20 | INFO     |   Singles: 11,000,000/19,459,422
2026-01-26 12:57:34 | INFO     |   Singles: 12,000,000/19,459,422
2026-01-26 12:58:49 | INFO     |   Singles: 13,000,000/19,459,422
2026-01-26 13:00:05 | INFO     |   Singles: 14,000,000/19,459,422
2026-01-26 13:01:20 | INFO     |   Singles: 15,000,000/19,459,422
2026-01-26 13:02:36 | INFO     |   Singles: 16,000,000/19,459,422
2026-01-26 13:03:51 | INFO     |   Singles: 17,000,000/19,459,422
2026-01-26 13:05:06 | INFO     |   Singles: 18,000,000/19,459,422
2026-01-26 13:06:24 | INFO     |   Singles: 19,000,000/19,459,422
2026-01-26 13:07:01 | INFO     |   Singles done: 19,459,422
2026-01-26 13:07:01 | INFO     | Processing multis...
2026-01-26 13:12:28 | INFO     |   Multis: 100,000/13,093,454
2026-01-26 13:17:56 | INFO     |   Multis: 200,000/13,093,454
2026-01-26 13:23:20 | INFO     |   Multis: 300,000/13,093,454
2026-01-26 13:28:44 | INFO     |   Multis: 400,000/13,093,454
2026-01-26 13:34:12 | INFO     |   Multis: 500,000/13,093,454
2026-01-26 13:39:38 | INFO     |   Multis: 600,000/13,093,454
2026-01-26 13:45:00 | INFO     |   Multis: 700,000/13,093,454
2026-01-26 14:17:20 | INFO     |   Multis: 1,300,000/13,093,454
2026-01-26 14:22:45 | INFO     |   Multis: 1,400,000/13,093,454
2026-01-26 14:28:15 | INFO     |   Multis: 1,500,000/13,093,454
2026-01-26 14:33:42 | INFO     |   Multis: 1,600,000/13,093,454
2026-01-26 14:39:08 | INFO     |   Multis: 1,700,000/13,093,454
2026-01-26 14:44:28 | INFO     |   Multis: 1,800,000/13,093,454
2026-01-26 14:49:45 | INFO     |   Multis: 1,900,000/13,093,454
2026-01-26 14:55:05 | INFO     |   Multis: 2,000,000/13,093,454
2026-01-26 15:00:24 | INFO     |   Multis: 2,100,000/13,093,454
2026-01-26 15:05:46 | INFO     |   Multis: 2,200,000/13,093,454
2026-01-26 15:11:10 | INFO     |   Multis: 2,300,000/13,093,454
2026-01-26 15:16:33 | INFO     |   Multis: 2,400,000/13,093,454
2026-01-26 15:21:56 | INFO     |   Multis: 2,500,000/13,093,454
2026-01-26 15:27:18 | INFO     |   Multis: 2,600,000/13,093,454
2026-01-26 15:32:42 | INFO     |   Multis: 2,700,000/13,093,454
2026-01-26 15:38:04 | INFO     |   Multis: 2,800,000/13,093,454
2026-01-26 15:43:25 | INFO     |   Multis: 2,900,000/13,093,454
2026-01-26 15:48:49 | INFO     |   Multis: 3,000,000/13,093,454
2026-01-26 15:54:13 | INFO     |   Multis: 3,100,000/13,093,454
2026-01-26 15:59:36 | INFO     |   Multis: 3,200,000/13,093,454
2026-01-26 16:04:59 | INFO     |   Multis: 3,300,000/13,093,454
2026-01-26 16:10:19 | INFO     |   Multis: 3,400,000/13,093,454
2026-01-26 16:15:37 | INFO     |   Multis: 3,500,000/13,093,454
2026-01-26 16:20:57 | INFO     |   Multis: 3,600,000/13,093,454
2026-01-26 16:26:18 | INFO     |   Multis: 3,700,000/13,093,454
2026-01-26 16:31:37 | INFO     |   Multis: 3,800,000/13,093,454
2026-01-26 16:36:55 | INFO     |   Multis: 3,900,000/13,093,454
2026-01-26 16:42:16 | INFO     |   Multis: 4,000,000/13,093,454
2026-01-26 16:47:35 | INFO     |   Multis: 4,100,000/13,093,454
2026-01-26 16:52:56 | INFO     |   Multis: 4,200,000/13,093,454
2026-01-26 16:58:20 | INFO     |   Multis: 4,300,000/13,093,454
2026-01-26 17:03:41 | INFO     |   Multis: 4,400,000/13,093,454
2026-01-26 17:09:02 | INFO     |   Multis: 4,500,000/13,093,454
2026-01-26 17:14:16 | INFO     |   Multis: 4,600,000/13,093,454
2026-01-26 17:19:27 | INFO     |   Multis: 4,700,000/13,093,454
2026-01-26 17:24:43 | INFO     |   Multis: 4,800,000/13,093,454
2026-01-26 17:34:05 | INFO     |   Multis: 4,900,000/13,093,454
2026-01-26 17:41:36 | INFO     |   Multis: 5,000,000/13,093,454
2026-01-26 17:47:09 | INFO     |   Multis: 5,100,000/13,093,454
2026-01-26 18:16:18 | INFO     | ================================================================================
2026-01-26 18:16:18 | INFO     | STELLAR DEDUPLICATION - MEMORY OPTIMIZED
2026-01-26 18:16:18 | INFO     | ================================================================================
2026-01-26 18:16:18 | INFO     | Input: /user/sutirtha/BallTree_Xmatch/Final_weight_cal_gaia_params_duplicate.fits
2026-01-26 18:16:18 | INFO     | Output: /user/sutirtha/BallTree_Xmatch/Entire_catalogue.fits
2026-01-26 18:16:18 | INFO     |   [MEMORY] Initial: 0.1 GB
2026-01-26 18:16:18 | INFO     | 
[PHASE 1] Loading metadata...
2026-01-26 18:16:22 | INFO     | Rows: 52,112,379, Columns: 213
2026-01-26 18:16:26 | INFO     | HEALPix regions: 64,770
2026-01-26 18:16:26 | INFO     |   [MEMORY] After loading coords: 57.6 GB
2026-01-26 18:16:26 | INFO     | 
[PHASE 2] Finding pairs...
2026-01-26 18:16:31 | INFO     | Processing 64,770 regions...
2026-01-26 18:16:42 | INFO     |   2,000/64,770 regions, 535,558 pairs
2026-01-26 18:16:53 | INFO     |   4,000/64,770 regions, 1,113,392 pairs
2026-01-26 18:17:03 | INFO     |   6,000/64,770 regions, 1,294,848 pairs
2026-01-26 18:17:16 | INFO     |   8,000/64,770 regions, 2,268,207 pairs
2026-01-26 18:17:30 | INFO     |   10,000/64,770 regions, 3,249,073 pairs
2026-01-26 18:17:45 | INFO     |   12,000/64,770 regions, 3,933,164 pairs
2026-01-26 18:18:00 | INFO     |   14,000/64,770 regions, 5,705,191 pairs
2026-01-26 18:18:20 | INFO     |   16,000/64,770 regions, 7,923,113 pairs
2026-01-26 18:18:38 | INFO     |   18,000/64,770 regions, 8,488,110 pairs
2026-01-26 18:18:58 | INFO     |   20,000/64,770 regions, 9,558,536 pairs
2026-01-26 18:19:19 | INFO     |   22,000/64,770 regions, 10,675,126 pairs
2026-01-26 18:19:41 | INFO     |   24,000/64,770 regions, 11,213,033 pairs
2026-01-26 18:20:00 | INFO     |   26,000/64,770 regions, 11,302,485 pairs
2026-01-26 18:20:22 | INFO     |   28,000/64,770 regions, 12,573,900 pairs
2026-01-26 18:20:44 | INFO     |   30,000/64,770 regions, 13,386,263 pairs
2026-01-26 18:21:08 | INFO     |   32,000/64,770 regions, 14,557,603 pairs
2026-01-26 18:21:37 | INFO     |   34,000/64,770 regions, 16,891,796 pairs
2026-01-26 18:22:12 | INFO     |   36,000/64,770 regions, 18,971,602 pairs
2026-01-26 18:22:40 | INFO     |   38,000/64,770 regions, 20,013,153 pairs
2026-01-26 18:23:11 | INFO     |   40,000/64,770 regions, 22,099,927 pairs
2026-01-26 18:23:36 | INFO     |   42,000/64,770 regions, 22,214,443 pairs
2026-01-26 18:24:02 | INFO     |   44,000/64,770 regions, 22,447,338 pairs
2026-01-26 18:24:28 | INFO     |   46,000/64,770 regions, 22,688,062 pairs
2026-01-26 18:24:54 | INFO     |   48,000/64,770 regions, 22,918,279 pairs
2026-01-26 18:25:21 | INFO     |   50,000/64,770 regions, 23,554,483 pairs
2026-01-26 18:25:50 | INFO     |   52,000/64,770 regions, 24,469,507 pairs
2026-01-26 18:26:17 | INFO     |   54,000/64,770 regions, 24,887,681 pairs
2026-01-26 18:26:47 | INFO     |   56,000/64,770 regions, 25,917,107 pairs
2026-01-26 18:27:17 | INFO     |   58,000/64,770 regions, 26,444,756 pairs
2026-01-26 18:27:45 | INFO     |   60,000/64,770 regions, 26,602,323 pairs
2026-01-26 18:28:12 | INFO     |   62,000/64,770 regions, 26,872,791 pairs
2026-01-26 18:28:41 | INFO     |   64,000/64,770 regions, 27,381,682 pairs
2026-01-26 18:28:55 | INFO     |   64,770/64,770 regions, 27,540,273 pairs
2026-01-26 18:28:56 | INFO     | Total pairs: 27,540,273
2026-01-26 18:28:56 | INFO     |   [MEMORY] After finding pairs: 62.1 GB
2026-01-26 18:28:57 | INFO     | 
[PHASE 3] Building groups...
2026-01-26 18:30:21 | INFO     | Unique stars: 32,552,876
2026-01-26 18:30:21 | INFO     | Duplicates merged: 19,559,503 (37.53%)
2026-01-26 18:30:21 | INFO     | Largest group: 18
2026-01-26 18:30:24 | INFO     | Saving checkpoint to checkpoints_2526346.pawna/groups.pkl...
2026-01-26 18:30:57 | INFO     | Checkpoint saved: 32,552,876 groups
2026-01-26 18:31:01 | INFO     |   [MEMORY] After grouping: 63.0 GB
2026-01-26 18:31:01 | INFO     | 
[PHASE 4] Aggregating (memory-optimized chunked writing)...
2026-01-26 18:31:01 | INFO     |   [MEMORY] Start aggregation: 63.0 GB
2026-01-26 18:31:17 | INFO     | Total unique stars: 32,552,876
2026-01-26 18:31:22 | INFO     | Pass-through numeric columns: 153
2026-01-26 18:31:22 | INFO     | Writing 8 chunks, ~4,069,110 stars each
2026-01-26 18:31:22 | INFO     | 
--- Processing Chunk 1/8 ---
2026-01-26 18:31:22 | INFO     |   Groups 0 to 4,069,110
2026-01-26 18:31:22 | INFO     |   [MEMORY] Chunk 1 start: 65.0 GB
2026-01-26 18:53:19 | INFO     |     Processed 200,000/4,069,110
2026-01-26 19:11:33 | INFO     |     Processed 400,000/4,069,110
2026-01-26 19:27:00 | INFO     |     Processed 600,000/4,069,110
2026-01-26 19:42:30 | INFO     |     Processed 800,000/4,069,110
2026-01-26 20:05:16 | INFO     |     Processed 1,000,000/4,069,110
2026-01-26 20:23:19 | INFO     |     Processed 1,200,000/4,069,110
2026-01-26 20:36:28 | INFO     |     Processed 1,400,000/4,069,110
2026-01-26 20:53:05 | INFO     |     Processed 1,600,000/4,069,110
2026-01-26 21:09:09 | INFO     |     Processed 1,800,000/4,069,110
2026-01-26 21:22:44 | INFO     |     Processed 2,000,000/4,069,110
2026-01-26 21:37:05 | INFO     |     Processed 2,200,000/4,069,110
2026-01-26 21:51:22 | INFO     |     Processed 2,400,000/4,069,110
2026-01-26 22:08:36 | INFO     |     Processed 2,600,000/4,069,110
2026-01-26 22:22:15 | INFO     |     Processed 2,800,000/4,069,110
2026-01-26 22:40:51 | INFO     |     Processed 3,000,000/4,069,110
2026-01-26 22:55:50 | INFO     |     Processed 3,200,000/4,069,110
2026-01-26 23:13:49 | INFO     |     Processed 3,400,000/4,069,110
2026-01-26 23:32:06 | INFO     |     Processed 3,600,000/4,069,110
2026-01-26 23:51:01 | INFO     |     Processed 3,800,000/4,069,110
2026-01-27 00:03:33 | INFO     |     Processed 4,000,000/4,069,110
2026-01-27 00:07:55 | INFO     |     Processed 4,069,110/4,069,110
2026-01-27 00:07:55 | INFO     |   [MEMORY] Chunk 1 processed: 183.0 GB
2026-01-27 00:07:55 | INFO     |   Writing chunk 1: 4,069,110 rows -> /user/sutirtha/BallTree_Xmatch/Entire_catalogue_chunk01.fits
2026-01-27 00:21:30 | INFO     |   Chunk 1 written: 340 columns
2026-01-27 00:22:04 | INFO     |   [MEMORY] Chunk 1 done: 116.8 GB
2026-01-27 00:22:04 | INFO     | 
--- Processing Chunk 2/8 ---
2026-01-27 00:22:04 | INFO     |   Groups 4,069,110 to 8,138,220
2026-01-27 00:22:04 | INFO     |   [MEMORY] Chunk 2 start: 116.8 GB
2026-01-27 00:35:20 | INFO     |     Processed 200,000/4,069,110
2026-01-27 00:47:20 | INFO     |     Processed 400,000/4,069,110
2026-01-27 00:58:54 | INFO     |     Processed 600,000/4,069,110
2026-01-27 01:10:04 | INFO     |     Processed 800,000/4,069,110
2026-01-27 01:21:17 | INFO     |     Processed 1,000,000/4,069,110
2026-01-27 01:33:58 | INFO     |     Processed 1,200,000/4,069,110
2026-01-27 01:45:15 | INFO     |     Processed 1,400,000/4,069,110
2026-01-27 01:58:35 | INFO     |     Processed 1,600,000/4,069,110
2026-01-27 02:11:06 | INFO     |     Processed 1,800,000/4,069,110
2026-01-27 02:23:06 | INFO     |     Processed 2,000,000/4,069,110
2026-01-27 02:36:01 | INFO     |     Processed 2,200,000/4,069,110
2026-01-27 02:51:12 | INFO     |     Processed 2,400,000/4,069,110
2026-01-27 03:06:08 | INFO     |     Processed 2,600,000/4,069,110
2026-01-27 03:21:05 | INFO     |     Processed 2,800,000/4,069,110
2026-01-27 03:39:21 | INFO     |     Processed 3,000,000/4,069,110
2026-01-27 03:52:23 | INFO     |     Processed 3,200,000/4,069,110
2026-01-27 04:06:13 | INFO     |     Processed 3,400,000/4,069,110
2026-01-27 04:18:19 | INFO     |     Processed 3,600,000/4,069,110
2026-01-27 04:32:42 | INFO     |     Processed 3,800,000/4,069,110
2026-01-27 04:48:19 | INFO     |     Processed 4,000,000/4,069,110
2026-01-27 04:54:04 | INFO     |     Processed 4,069,110/4,069,110
2026-01-27 04:54:04 | INFO     |   [MEMORY] Chunk 2 processed: 183.6 GB
2026-01-27 04:54:04 | INFO     |   Writing chunk 2: 4,069,110 rows -> /user/sutirtha/BallTree_Xmatch/Entire_catalogue_chunk02.fits
2026-01-27 05:07:27 | INFO     |   Chunk 2 written: 340 columns
2026-01-27 05:08:02 | INFO     |   [MEMORY] Chunk 2 done: 116.9 GB
2026-01-27 05:08:02 | INFO     | 
--- Processing Chunk 3/8 ---
2026-01-27 05:08:02 | INFO     |   Groups 8,138,220 to 12,207,330
2026-01-27 05:08:02 | INFO     |   [MEMORY] Chunk 3 start: 116.9 GB
2026-01-27 05:22:23 | INFO     |     Processed 200,000/4,069,110
2026-01-27 05:37:03 | INFO     |     Processed 400,000/4,069,110
2026-01-27 05:54:12 | INFO     |     Processed 600,000/4,069,110
2026-01-27 06:09:59 | INFO     |     Processed 800,000/4,069,110
2026-01-27 06:24:03 | INFO     |     Processed 1,000,000/4,069,110
2026-01-27 06:37:17 | INFO     |     Processed 1,200,000/4,069,110
2026-01-27 06:48:38 | INFO     |     Processed 1,400,000/4,069,110
2026-01-27 06:59:56 | INFO     |     Processed 1,600,000/4,069,110
2026-01-27 07:12:32 | INFO     |     Processed 1,800,000/4,069,110
2026-01-27 07:27:46 | INFO     |     Processed 2,000,000/4,069,110
2026-01-27 07:41:18 | INFO     |     Processed 2,200,000/4,069,110
2026-01-27 07:53:47 | INFO     |     Processed 2,400,000/4,069,110
2026-01-27 08:06:09 | INFO     |     Processed 2,600,000/4,069,110
2026-01-27 08:17:35 | INFO     |     Processed 2,800,000/4,069,110
2026-01-27 08:31:05 | INFO     |     Processed 3,000,000/4,069,110
2026-01-27 08:44:51 | INFO     |     Processed 3,200,000/4,069,110
2026-01-27 08:58:10 | INFO     |     Processed 3,400,000/4,069,110
2026-01-27 09:12:09 | INFO     |     Processed 3,600,000/4,069,110
2026-01-27 09:28:10 | INFO     |     Processed 3,800,000/4,069,110
2026-01-27 09:45:43 | INFO     |     Processed 4,000,000/4,069,110
2026-01-27 09:51:29 | INFO     |     Processed 4,069,110/4,069,110
2026-01-27 09:51:29 | INFO     |   [MEMORY] Chunk 3 processed: 183.5 GB
2026-01-27 09:51:29 | INFO     |   Writing chunk 3: 4,069,110 rows -> /user/sutirtha/BallTree_Xmatch/Entire_catalogue_chunk03.fits
2026-01-27 10:05:00 | INFO     |   Chunk 3 written: 340 columns
2026-01-27 10:05:36 | INFO     |   [MEMORY] Chunk 3 done: 116.9 GB
2026-01-27 10:05:36 | INFO     | 
--- Processing Chunk 4/8 ---
2026-01-27 10:05:36 | INFO     |   Groups 12,207,330 to 16,276,440
2026-01-27 10:05:36 | INFO     |   [MEMORY] Chunk 4 start: 116.9 GB
2026-01-27 10:19:35 | INFO     |     Processed 200,000/4,069,110
2026-01-27 10:35:53 | INFO     |     Processed 400,000/4,069,110
2026-01-27 10:52:53 | INFO     |     Processed 600,000/4,069,110
2026-01-27 11:07:27 | INFO     |     Processed 800,000/4,069,110
2026-01-27 11:24:21 | INFO     |     Processed 1,000,000/4,069,110
2026-01-27 11:40:47 | INFO     |     Processed 1,200,000/4,069,110
2026-01-27 11:53:13 | INFO     |     Processed 1,400,000/4,069,110
2026-01-27 12:08:16 | INFO     |     Processed 1,600,000/4,069,110
2026-01-27 12:30:42 | INFO     |     Processed 1,800,000/4,069,110
2026-01-27 12:50:18 | INFO     |     Processed 2,000,000/4,069,110
2026-01-27 13:08:48 | INFO     |     Processed 2,200,000/4,069,110
2026-01-27 13:28:52 | INFO     |     Processed 2,400,000/4,069,110
2026-01-27 13:49:09 | INFO     |     Processed 2,600,000/4,069,110
2026-01-27 14:10:10 | INFO     |     Processed 2,800,000/4,069,110
2026-01-27 14:25:48 | INFO     |     Processed 3,000,000/4,069,110
2026-01-27 14:38:08 | INFO     |     Processed 3,200,000/4,069,110
2026-01-27 14:50:24 | INFO     |     Processed 3,400,000/4,069,110
2026-01-27 15:05:52 | INFO     |     Processed 3,600,000/4,069,110
2026-01-27 15:18:31 | INFO     |     Processed 3,800,000/4,069,110
2026-01-27 15:29:54 | INFO     |     Processed 4,000,000/4,069,110
2026-01-27 15:33:48 | INFO     |     Processed 4,069,110/4,069,110
2026-01-27 15:33:48 | INFO     |   [MEMORY] Chunk 4 processed: 183.2 GB
2026-01-27 15:33:48 | INFO     |   Writing chunk 4: 4,069,110 rows -> /user/sutirtha/BallTree_Xmatch/Entire_catalogue_chunk04.fits
2026-01-27 15:47:16 | INFO     |   Chunk 4 written: 340 columns
2026-01-27 15:47:51 | INFO     |   [MEMORY] Chunk 4 done: 116.9 GB
2026-01-27 15:47:51 | INFO     | 
--- Processing Chunk 5/8 ---
2026-01-27 15:47:51 | INFO     |   Groups 16,276,440 to 20,345,550
2026-01-27 15:47:51 | INFO     |   [MEMORY] Chunk 5 start: 116.9 GB
2026-01-27 16:00:06 | INFO     |     Processed 200,000/4,069,110
2026-01-27 16:15:00 | INFO     |     Processed 400,000/4,069,110
2026-01-27 16:29:45 | INFO     |     Processed 600,000/4,069,110
2026-01-27 16:41:04 | INFO     |     Processed 800,000/4,069,110
2026-01-27 16:55:27 | INFO     |     Processed 1,000,000/4,069,110
2026-01-27 17:13:23 | INFO     |     Processed 1,200,000/4,069,110
2026-01-27 17:31:19 | INFO     |     Processed 1,400,000/4,069,110
2026-01-27 17:45:38 | INFO     |     Processed 1,600,000/4,069,110
2026-01-27 17:59:11 | INFO     |     Processed 1,800,000/4,069,110
2026-01-27 18:14:23 | INFO     |     Processed 2,000,000/4,069,110
2026-01-27 18:29:48 | INFO     |     Processed 2,200,000/4,069,110
2026-01-27 18:44:54 | INFO     |     Processed 2,400,000/4,069,110
2026-01-27 19:00:12 | INFO     |     Processed 2,600,000/4,069,110
2026-01-27 19:15:14 | INFO     |     Processed 2,800,000/4,069,110
2026-01-27 19:33:06 | INFO     |     Processed 3,000,000/4,069,110
2026-01-27 19:53:10 | INFO     |     Processed 3,200,000/4,069,110
2026-01-27 20:02:37 | INFO     |     Processed 3,400,000/4,069,110
2026-01-27 20:11:49 | INFO     |     Processed 3,600,000/4,069,110
2026-01-27 20:21:41 | INFO     |     Processed 3,800,000/4,069,110
2026-01-27 20:32:39 | INFO     |     Processed 4,000,000/4,069,110
2026-01-27 20:36:14 | INFO     |     Processed 4,069,110/4,069,110
2026-01-27 20:36:14 | INFO     |   [MEMORY] Chunk 5 processed: 183.6 GB
2026-01-27 20:36:14 | INFO     |   Writing chunk 5: 4,069,110 rows -> /user/sutirtha/BallTree_Xmatch/Entire_catalogue_chunk05.fits
2026-01-27 20:49:46 | INFO     |   Chunk 5 written: 340 columns
2026-01-27 20:50:21 | INFO     |   [MEMORY] Chunk 5 done: 117.0 GB
2026-01-27 20:50:21 | INFO     | 
--- Processing Chunk 6/8 ---
2026-01-27 20:50:21 | INFO     |   Groups 20,345,550 to 24,414,660
2026-01-27 20:50:21 | INFO     |   [MEMORY] Chunk 6 start: 117.0 GB
2026-01-27 21:01:02 | INFO     |     Processed 200,000/4,069,110
2026-01-27 21:16:38 | INFO     |     Processed 400,000/4,069,110
2026-01-27 21:28:40 | INFO     |     Processed 600,000/4,069,110
2026-01-27 21:45:11 | INFO     |     Processed 800,000/4,069,110
2026-01-27 22:00:35 | INFO     |     Processed 1,000,000/4,069,110
2026-01-27 22:17:15 | INFO     |     Processed 1,200,000/4,069,110
2026-01-27 22:34:07 | INFO     |     Processed 1,400,000/4,069,110
2026-01-27 22:45:04 | INFO     |     Processed 1,600,000/4,069,110
2026-01-27 22:56:13 | INFO     |     Processed 1,800,000/4,069,110
2026-01-27 23:06:25 | INFO     |     Processed 2,000,000/4,069,110
2026-01-27 23:17:44 | INFO     |     Processed 2,200,000/4,069,110
2026-01-27 23:31:21 | INFO     |     Processed 2,400,000/4,069,110
2026-01-27 23:45:42 | INFO     |     Processed 2,600,000/4,069,110
2026-01-27 23:57:02 | INFO     |     Processed 2,800,000/4,069,110
2026-01-28 00:10:07 | INFO     |     Processed 3,000,000/4,069,110
2026-01-28 00:22:45 | INFO     |     Processed 3,200,000/4,069,110
2026-01-28 00:37:18 | INFO     |     Processed 3,400,000/4,069,110
2026-01-28 00:52:44 | INFO     |     Processed 3,600,000/4,069,110
2026-01-28 01:06:46 | INFO     |     Processed 3,800,000/4,069,110
2026-01-28 01:18:04 | INFO     |     Processed 4,000,000/4,069,110
2026-01-28 01:21:29 | INFO     |     Processed 4,069,110/4,069,110
2026-01-28 01:21:29 | INFO     |   [MEMORY] Chunk 6 processed: 183.7 GB
2026-01-28 01:21:29 | INFO     |   Writing chunk 6: 4,069,110 rows -> /user/sutirtha/BallTree_Xmatch/Entire_catalogue_chunk06.fits
2026-01-28 01:34:43 | INFO     |   Chunk 6 written: 340 columns
2026-01-28 01:35:19 | INFO     |   [MEMORY] Chunk 6 done: 117.0 GB
2026-01-28 01:35:19 | INFO     | 
--- Processing Chunk 7/8 ---
2026-01-28 01:35:19 | INFO     |   Groups 24,414,660 to 28,483,770
2026-01-28 01:35:19 | INFO     |   [MEMORY] Chunk 7 start: 117.0 GB
2026-01-28 01:44:48 | INFO     |     Processed 200,000/4,069,110
2026-01-28 01:56:40 | INFO     |     Processed 400,000/4,069,110
2026-01-28 02:06:46 | INFO     |     Processed 600,000/4,069,110
2026-01-28 02:16:23 | INFO     |     Processed 800,000/4,069,110
2026-01-28 02:27:12 | INFO     |     Processed 1,000,000/4,069,110
2026-01-28 02:38:26 | INFO     |     Processed 1,200,000/4,069,110
2026-01-28 02:51:38 | INFO     |     Processed 1,400,000/4,069,110
2026-01-28 03:05:13 | INFO     |     Processed 1,600,000/4,069,110
2026-01-28 03:19:35 | INFO     |     Processed 1,800,000/4,069,110
2026-01-28 03:36:05 | INFO     |     Processed 2,000,000/4,069,110
2026-01-28 03:50:51 | INFO     |     Processed 2,200,000/4,069,110
2026-01-28 04:04:02 | INFO     |     Processed 2,400,000/4,069,110
2026-01-28 04:16:48 | INFO     |     Processed 2,600,000/4,069,110
2026-01-28 04:32:22 | INFO     |     Processed 2,800,000/4,069,110
2026-01-28 05:09:10 | INFO     |     Processed 3,000,000/4,069,110
2026-01-28 05:46:42 | INFO     |     Processed 3,200,000/4,069,110
2026-01-28 06:24:34 | INFO     |     Processed 3,400,000/4,069,110
2026-01-28 07:02:54 | INFO     |     Processed 3,600,000/4,069,110
2026-01-28 07:37:22 | INFO     |     Processed 3,800,000/4,069,110
2026-01-28 08:11:36 | INFO     |     Processed 4,000,000/4,069,110
2026-01-28 08:23:29 | INFO     |     Processed 4,069,110/4,069,110
2026-01-28 08:23:29 | INFO     |   [MEMORY] Chunk 7 processed: 182.9 GB
2026-01-28 08:23:29 | INFO     |   Writing chunk 7: 4,069,110 rows -> /user/sutirtha/BallTree_Xmatch/Entire_catalogue_chunk07.fits
2026-01-28 08:36:54 | INFO     |   Chunk 7 written: 338 columns
2026-01-28 08:37:29 | INFO     |   [MEMORY] Chunk 7 done: 116.9 GB
2026-01-28 08:37:29 | INFO     | 
--- Processing Chunk 8/8 ---
2026-01-28 08:37:29 | INFO     |   Groups 28,483,770 to 32,552,876
2026-01-28 08:37:29 | INFO     |   [MEMORY] Chunk 8 start: 116.9 GB
2026-01-28 09:11:30 | INFO     |     Processed 200,000/4,069,106
2026-01-28 09:45:35 | INFO     |     Processed 400,000/4,069,106
2026-01-28 10:19:44 | INFO     |     Processed 600,000/4,069,106
2026-01-28 10:53:50 | INFO     |     Processed 800,000/4,069,106
2026-01-28 11:27:58 | INFO     |     Processed 1,000,000/4,069,106
2026-01-28 12:02:18 | INFO     |     Processed 1,200,000/4,069,106
2026-01-28 12:36:28 | INFO     |     Processed 1,400,000/4,069,106
2026-01-28 13:10:40 | INFO     |     Processed 1,600,000/4,069,106
2026-01-28 13:44:59 | INFO     |     Processed 1,800,000/4,069,106
2026-01-28 14:25:05 | INFO     |     Processed 2,000,000/4,069,106
2026-01-28 15:03:33 | INFO     |     Processed 2,200,000/4,069,106
2026-01-28 15:40:04 | INFO     |     Processed 2,400,000/4,069,106
2026-01-28 15:58:40 | INFO     |     Processed 2,600,000/4,069,106
2026-01-28 16:07:54 | INFO     |     Processed 2,800,000/4,069,106
2026-01-28 16:15:55 | INFO     |     Processed 3,000,000/4,069,106
2026-01-28 16:23:39 | INFO     |     Processed 3,200,000/4,069,106
2026-01-28 16:31:08 | INFO     |     Processed 3,400,000/4,069,106
2026-01-28 16:38:39 | INFO     |     Processed 3,600,000/4,069,106
2026-01-28 16:46:07 | INFO     |     Processed 3,800,000/4,069,106
2026-01-28 16:53:36 | INFO     |     Processed 4,000,000/4,069,106
2026-01-28 16:56:14 | INFO     |     Processed 4,069,106/4,069,106
2026-01-28 16:56:14 | INFO     |   [MEMORY] Chunk 8 processed: 182.2 GB
2026-01-28 16:56:14 | INFO     |   Writing chunk 8: 4,069,106 rows -> /user/sutirtha/BallTree_Xmatch/Entire_catalogue_chunk08.fits
2026-01-28 17:09:36 | INFO     |   Chunk 8 written: 338 columns
2026-01-28 17:10:10 | INFO     |   [MEMORY] Chunk 8 done: 116.9 GB
2026-01-28 17:10:13 | INFO     | 
All chunks written to /user/sutirtha/BallTree_Xmatch/Entire_catalogue_chunk*.fits
2026-01-28 17:10:14 | INFO     | 
COMPLETE! Time: 46.90 hours
2026-03-03 12:46:06 | INFO     | ================================================================================
2026-03-03 12:46:06 | INFO     | STELLAR DEDUPLICATION - MEMORY OPTIMIZED
2026-03-03 12:46:06 | INFO     | ================================================================================
2026-03-03 12:46:06 | INFO     | Input: /user/sutirtha/BallTree_Xmatch/Final_weight_cal_gaia_params_duplicate.fits
2026-03-03 12:46:06 | INFO     | Output: /user/sutirtha/BallTree_Xmatch/Entire_catalogue.fits
2026-03-03 12:46:06 | INFO     |   [MEMORY] Initial: 0.1 GB
2026-03-03 12:46:06 | INFO     | 
[PHASE 1] Loading metadata...
