==============================================
STELLAR CATALOG VISUALIZATION V2
==============================================
Job ID: 2526773.pawna
Node: node4
Started: Sat Feb 21 17:23:14 IST 2026

Input: /user/sutirtha/BallTree_Xmatch/
Output data: stellar_data_v2.npz
Output plots: ./plots_v2_2526773.pawna
==============================================
Found existing data file: stellar_data_v2.npz
Skipping computation, generating plots only...
[17:23:19] Loading stellar_data_v2.npz ...
[17:23:19] NPZ loaded.
[17:23:19] 
================================================================================
[17:23:19] PAPER-QUALITY PLOT SUITE v4.1  (4 figures)
[17:23:19] ================================================================================
[17:23:19] [FIG 1] Combined HR Diagram ...
[17:23:24]   Saved: ./plots_v2_2526773.pawna/stellar_HR_combined.pdf
[17:23:24] [FIG 2] Kiel [Fe/H] + Contours ...
[17:23:24]   Saved: ./plots_v2_2526773.pawna/stellar_Kiel_FeH.pdf
[17:23:24] [FIG 3] Extinction sky map ...
[17:23:29]   Saved: ./plots_v2_2526773.pawna/stellar_extinction.pdf
[17:23:29] [FIG 4] Multi-panel sky grid ...
[17:23:43]   Saved: ./plots_v2_2526773.pawna/stellar_sky_grid.pdf
[17:23:43] 
================================================================================
[17:23:43] ALL 4 FIGURES SAVED TO: ./plots_v2_2526773.pawna
[17:23:43] ================================================================================

==============================================
COMPLETE
==============================================
Finished: Sat Feb 21 17:23:44 IST 2026
Exit code: 0

Output files:
total 3524
drwx------  2 sutirtha users    4096 Feb 21 17:23 .
drwxr-xr-x 46 sutirtha users    4096 Feb 21 17:23 ..
-rw-------  1 sutirtha users 1131950 Feb 21 17:23 stellar_HR_combined.pdf
-rw-------  1 sutirtha users  376592 Feb 21 17:23 stellar_Kiel_FeH.pdf
-rw-------  1 sutirtha users  881955 Feb 21 17:23 stellar_extinction.pdf
-rw-------  1 sutirtha users 1201335 Feb 21 17:23 stellar_sky_grid.pdf
==============================================
