2026-01-31 20:06:00 | INFO     | ======================================================================
2026-01-31 20:06:00 | INFO     | RIGOROUS COMPLETENESS & PURITY ANALYSIS v6
2026-01-31 20:06:00 | INFO     | ======================================================================
2026-01-31 20:06:00 | INFO     | Started: 2026-01-31T20:06:00.813432
2026-01-31 20:06:00 | INFO     | Primary mixture method: lognormal
2026-01-31 20:06:00 | INFO     | η bounds: [0.5, 0.95]
2026-01-31 20:06:00 | INFO     | η prior: Beta(5.0, 2.0)
2026-01-31 20:06:00 | INFO     | ======================================================================
2026-01-31 20:06:00 | INFO     | LOADING MASTER CATALOG
2026-01-31 20:06:00 | INFO     | ======================================================================
2026-01-31 20:06:00 | INFO     | Found 8 files
2026-01-31 20:06:00 | INFO     | [1/8] Entire_catalogue_chunk01.fits
2026-01-31 20:06:00 | INFO     |   ra -> RA_final
2026-01-31 20:06:00 | INFO     |   dec -> DEC_final
2026-01-31 20:06:00 | INFO     |   distance -> distance_final
2026-01-31 20:06:00 | INFO     |   distance_err -> distance_err_final
2026-01-31 20:06:00 | INFO     |   rv -> RV_final
2026-01-31 20:06:00 | INFO     |   rv_err -> RV_err_final
2026-01-31 20:06:00 | INFO     |   parallax -> parallax_final
2026-01-31 20:06:00 | INFO     |   parallax_err -> parallax_err_final
2026-01-31 20:06:00 | INFO     |   ruwe -> RUWE
2026-01-31 20:06:00 | INFO     |   gmag -> Gmag
2026-01-31 20:06:01 | INFO     |   Loaded 4,069,110 rows
2026-01-31 20:06:01 | INFO     | [2/8] Entire_catalogue_chunk02.fits
2026-01-31 20:06:03 | INFO     |   Loaded 4,069,110 rows
2026-01-31 20:06:03 | INFO     | [3/8] Entire_catalogue_chunk03.fits
2026-01-31 20:06:05 | INFO     |   Loaded 4,069,110 rows
2026-01-31 20:06:05 | INFO     | [4/8] Entire_catalogue_chunk04.fits
2026-01-31 20:06:06 | INFO     |   Loaded 4,069,110 rows
2026-01-31 20:06:06 | INFO     | [5/8] Entire_catalogue_chunk05.fits
2026-01-31 20:06:08 | INFO     |   Loaded 4,069,110 rows
2026-01-31 20:06:08 | INFO     | [6/8] Entire_catalogue_chunk06.fits
2026-01-31 20:06:10 | INFO     |   Loaded 4,069,110 rows
2026-01-31 20:06:10 | INFO     | [7/8] Entire_catalogue_chunk07.fits
2026-01-31 20:06:12 | INFO     |   Loaded 4,069,110 rows
2026-01-31 20:06:12 | INFO     | [8/8] Entire_catalogue_chunk08.fits
2026-01-31 20:06:14 | INFO     |   Loaded 4,069,106 rows
2026-01-31 20:06:34 | INFO     | Loaded 32,552,876 stars
2026-01-31 20:06:34 | INFO     | 
======================================================================
2026-01-31 20:06:34 | INFO     | LOADING MEMBER CATALOGS
2026-01-31 20:06:34 | INFO     | ======================================================================
2026-01-31 20:06:36 | INFO     |   GC members: 1,168,746
2026-01-31 20:06:37 | INFO     |   OC members: 435,833
2026-01-31 20:06:37 | INFO     | 
======================================================================
2026-01-31 20:06:37 | INFO     | RIGOROUS PURITY ANALYSIS
2026-01-31 20:06:37 | INFO     | Primary method: lognormal
2026-01-31 20:06:37 | INFO     | ======================================================================
2026-01-31 20:06:37 | INFO     | 
--------------------------------------------------
2026-01-31 20:06:37 | INFO     | RUWE PURITY ANALYSIS
2026-01-31 20:06:37 | INFO     | --------------------------------------------------
2026-01-31 20:06:37 | INFO     |   Valid RUWE values: 32,551,027
2026-01-31 20:06:37 | INFO     | 
============================================================
2026-01-31 20:06:37 | INFO     | REGULARIZED GAUSSIAN MIXTURE: RUWE
2026-01-31 20:06:37 | INFO     | ============================================================
2026-01-31 20:06:37 | INFO     |   Valid samples: 32,551,027
2026-01-31 20:06:37 | INFO     |   Subsampling 2,000,000 from 32,551,027 for fitting
2026-01-31 20:06:37 | INFO     |   Median: 1.0130, Robust std: 0.0682
2026-01-31 20:06:54 | INFO     | 
  REGULARIZED GAUSSIAN CONVERGED:
2026-01-31 20:06:54 | INFO     |     η (core fraction): 0.8934
2026-01-31 20:06:54 | INFO     |     Core: μ=1.0098, σ=0.0698
2026-01-31 20:06:54 | INFO     |     Tail: μ=2.3748, σ=2.4222
2026-01-31 20:06:55 | INFO     |   Mean RUWE purity: 0.8932
2026-01-31 20:06:55 | INFO     | 
--------------------------------------------------
2026-01-31 20:06:55 | INFO     | DISTANCE ERROR PURITY ANALYSIS
2026-01-31 20:06:55 | INFO     | --------------------------------------------------
2026-01-31 20:06:55 | INFO     |   Valid relative distance errors: 3,930,793
2026-01-31 20:06:56 | INFO     | 
============================================================
2026-01-31 20:06:56 | INFO     | LOG-NORMAL MIXTURE MODEL: Relative Distance Error
2026-01-31 20:06:56 | INFO     | ============================================================
2026-01-31 20:06:56 | INFO     |   Valid samples: 3,930,793
2026-01-31 20:06:56 | INFO     |   Subsampling 2,000,000 from 3,930,793 for fitting
2026-01-31 20:06:56 | INFO     |   Log-space statistics (from 2,000,000 samples):
2026-01-31 20:06:56 | INFO     |     Median: -2.1602 (original: 0.1153)
2026-01-31 20:06:56 | INFO     |     Robust std: 0.7397
2026-01-31 20:06:56 | INFO     |     P10/P50/P90: -3.030/-2.160/-1.127
2026-01-31 20:09:00 | INFO     | 
  LOG-NORMAL GMM CONVERGED:
2026-01-31 20:09:00 | INFO     |     η (core fraction): 0.9500
2026-01-31 20:09:00 | INFO     |     Core: μ_log=-2.1197, σ_log=0.1000
2026-01-31 20:09:00 | INFO     |            → median=0.1201
2026-01-31 20:09:00 | INFO     |     Tail: μ_log=-2.0697, σ_log=0.2236
2026-01-31 20:09:00 | INFO     |            → median=0.1262
2026-01-31 20:09:00 | INFO     |     Tail/Core median ratio: 1.05x
2026-01-31 20:09:00 | INFO     |   Mean distance purity: 0.5544
2026-01-31 20:09:00 | INFO     | 
--------------------------------------------------
2026-01-31 20:09:00 | INFO     | RV ERROR PURITY ANALYSIS
2026-01-31 20:09:00 | INFO     | --------------------------------------------------
2026-01-31 20:09:00 | INFO     |   Valid relative RV errors: 32,312,272
2026-01-31 20:09:00 | INFO     | 
============================================================
2026-01-31 20:09:00 | INFO     | LOG-NORMAL MIXTURE MODEL: Relative RV Error
2026-01-31 20:09:00 | INFO     | ============================================================
2026-01-31 20:09:00 | INFO     |   Valid samples: 32,312,272
2026-01-31 20:09:00 | INFO     |   Subsampling 2,000,000 from 32,312,272 for fitting
2026-01-31 20:09:01 | INFO     |   Log-space statistics (from 2,000,000 samples):
2026-01-31 20:09:01 | INFO     |     Median: -2.6161 (original: 0.0731)
2026-01-31 20:09:01 | INFO     |     Robust std: 1.6667
2026-01-31 20:09:01 | INFO     |     P10/P50/P90: -4.968/-2.616/-0.483
2026-01-31 20:13:26 | INFO     | 
  LOG-NORMAL GMM CONVERGED:
2026-01-31 20:13:26 | INFO     |     η (core fraction): 0.9500
2026-01-31 20:13:26 | INFO     |     Core: μ_log=-2.6946, σ_log=1.3742
2026-01-31 20:13:26 | INFO     |            → median=0.0676
2026-01-31 20:13:26 | INFO     |     Tail: μ_log=-2.0075, σ_log=1.6491
2026-01-31 20:13:26 | INFO     |            → median=0.1343
2026-01-31 20:13:26 | INFO     |     Tail/Core median ratio: 1.99x
2026-01-31 20:13:28 | INFO     |   Mean RV purity: 0.9478
2026-01-31 20:13:28 | INFO     | 
--------------------------------------------------
2026-01-31 20:13:28 | INFO     | COMBINED PURITY
2026-01-31 20:13:28 | INFO     | --------------------------------------------------
2026-01-31 20:13:29 | INFO     |   Mean combined purity: 0.4754
2026-01-31 20:13:29 | INFO     |   Median combined purity: 0.4752
2026-01-31 20:13:29 | INFO     |   Stars with P > 0.8: 3,917,356
2026-01-31 20:13:29 | INFO     |   Stars with P > 0.95: 0
2026-01-31 20:13:29 | INFO     | 
--------------------------------------------------
2026-01-31 20:13:29 | INFO     | PURITY BY GALACTOCENTRIC RADIUS
2026-01-31 20:13:29 | INFO     | --------------------------------------------------
2026-01-31 20:13:29 | INFO     |   0-20 kpc: N=26,144,036, P_mean=0.4883
2026-01-31 20:13:29 | INFO     |   20-50 kpc: N=97,382, P_mean=0.8804
2026-01-31 20:13:29 | INFO     |   50-100 kpc: N=14,883, P_mean=0.8879
2026-01-31 20:13:30 | INFO     |   100-200 kpc: N=3,196, P_mean=0.8925
2026-01-31 20:13:30 | INFO     |   200-500 kpc: N=840, P_mean=0.8967
2026-01-31 20:13:30 | INFO     | 
--------------------------------------------------
2026-01-31 20:13:30 | INFO     | METHOD COMPARISON
2026-01-31 20:13:30 | INFO     | --------------------------------------------------
2026-01-31 20:13:30 | INFO     | 
============================================================
2026-01-31 20:13:30 | INFO     | GAMMA MIXTURE MODEL: Distance Error (gamma)
2026-01-31 20:13:30 | INFO     | ============================================================
2026-01-31 20:13:30 | INFO     |   Valid samples: 3,930,793
2026-01-31 20:13:30 | INFO     |   Subsampling 2,000,000 from 3,930,793 for fitting
2026-01-31 20:13:30 | INFO     |   Mean: 0.1601, Median: 0.1153, Std: 0.1418
2026-01-31 20:30:55 | INFO     | 
  GAMMA MIXTURE CONVERGED:
2026-01-31 20:30:55 | INFO     |     η (core fraction): 0.6008
2026-01-31 20:30:55 | INFO     |     Core: α=3.852, β=38.795
2026-01-31 20:30:55 | INFO     |            → mean=0.0993
2026-01-31 20:30:55 | INFO     |     Tail: α=2.172, β=8.634
2026-01-31 20:30:55 | INFO     |            → mean=0.2516
2026-01-31 20:30:55 | INFO     | 
============================================================
2026-01-31 20:30:55 | INFO     | REGULARIZED GAUSSIAN MIXTURE: Distance Error (reg_gaussian)
2026-01-31 20:30:55 | INFO     | ============================================================
2026-01-31 20:30:55 | INFO     |   Valid samples: 3,930,793
2026-01-31 20:30:55 | INFO     |   Subsampling 2,000,000 from 3,930,793 for fitting
2026-01-31 20:30:55 | INFO     |   Median: 0.1153, Robust std: 0.0785
2026-01-31 20:31:53 | INFO     | 
  REGULARIZED GAUSSIAN CONVERGED:
2026-01-31 20:31:53 | INFO     |     η (core fraction): 0.7083
2026-01-31 20:31:53 | INFO     |     Core: μ=0.1002, σ=0.0478
2026-01-31 20:31:53 | INFO     |     Tail: μ=0.3055, σ=0.1832
2026-01-31 20:31:54 | INFO     | 
============================================================
2026-01-31 20:31:54 | INFO     | EXTREME DECONVOLUTION: Distance Error (xd)
2026-01-31 20:31:54 | INFO     | ============================================================
2026-01-31 20:31:54 | INFO     |   Valid samples: 3,930,793
2026-01-31 20:31:54 | INFO     |   Subsampling 2,000,000 from 3,930,793 for fitting
2026-01-31 20:31:54 | INFO     |   Median: 0.1153, Robust std: 0.0785
2026-01-31 20:31:54 | INFO     |   Mean measurement variance: 0.000457
2026-01-31 20:35:22 | INFO     | 
  EXTREME DECONVOLUTION CONVERGED:
2026-01-31 20:35:22 | INFO     |     Weights: [0.80857965 0.19142035]
2026-01-31 20:35:22 | INFO     |     Means: [0.11268274 0.36028234]
2026-01-31 20:35:22 | INFO     |     Intrinsic σ: [0.05967284 0.19516773]
2026-01-31 20:35:22 | INFO     |     (After deconvolving measurement errors)
2026-01-31 20:35:23 | INFO     | 
  Method comparison (distance error):
2026-01-31 20:35:23 | INFO     |     lognormal: η=0.9500, P_mean=0.5544
2026-01-31 20:35:23 | INFO     |     gamma: η=0.6008, P_mean=0.5122
2026-01-31 20:35:23 | INFO     |     reg_gaussian: η=0.7083, P_mean=0.5251
2026-01-31 20:35:23 | INFO     |     xd: η=0.8086, P_mean=0.5372
2026-01-31 20:35:23 | INFO     | 
======================================================================
2026-01-31 20:35:23 | INFO     | COMPLETENESS ANALYSIS
2026-01-31 20:35:23 | INFO     | ======================================================================
2026-01-31 20:35:23 | INFO     |   GC: 8455/654723 = 0.0129
2026-01-31 20:35:23 | INFO     |   OC: 27931/138781 = 0.2013
2026-01-31 20:35:23 | INFO     | 
  Overall: 36386/793504 = 0.0459
2026-01-31 20:35:23 | INFO     | 
======================================================================
2026-01-31 20:35:23 | INFO     | DIAGNOSTIC: PURITY & COMPLETENESS vs DISTANCE
2026-01-31 20:35:23 | INFO     | Using 100 radial bins
2026-01-31 20:35:23 | INFO     | ======================================================================
2026-01-31 20:35:23 | INFO     | 
--- Relative Distance Error Cuts ---
2026-01-31 20:35:23 | INFO     |   Processing cut: σ_d/d < 0.05
2026-01-31 20:35:30 | INFO     |   Processing cut: σ_d/d < 0.1
2026-01-31 20:35:36 | INFO     |   Processing cut: σ_d/d < 0.15
2026-01-31 20:35:43 | INFO     |   Processing cut: σ_d/d < 0.2
2026-01-31 20:35:49 | INFO     |   Processing cut: σ_d/d < 0.25
2026-01-31 20:35:56 | INFO     |   Processing cut: σ_d/d < 0.3
2026-01-31 20:36:02 | INFO     |   Processing cut: σ_d/d < 0.4
2026-01-31 20:36:09 | INFO     |   Processing cut: σ_d/d < 0.5
2026-01-31 20:36:15 | INFO     |   Processing cut: σ_d/d < 1.0
2026-01-31 20:36:22 | INFO     | 
--- Relative RV Error Cuts ---
2026-01-31 20:36:22 | INFO     |   Processing cut: σ_v/v < 0.05
2026-01-31 20:36:29 | INFO     |   Processing cut: σ_v/v < 0.1
2026-01-31 20:36:35 | INFO     |   Processing cut: σ_v/v < 0.15
2026-01-31 20:36:42 | INFO     |   Processing cut: σ_v/v < 0.2
2026-01-31 20:36:49 | INFO     |   Processing cut: σ_v/v < 0.25
2026-01-31 20:36:56 | INFO     |   Processing cut: σ_v/v < 0.3
2026-01-31 20:37:03 | INFO     |   Processing cut: σ_v/v < 0.4
2026-01-31 20:37:10 | INFO     |   Processing cut: σ_v/v < 0.5
2026-01-31 20:37:17 | INFO     |   Processing cut: σ_v/v < 1.0
2026-01-31 20:37:24 | INFO     | 
--- RUWE Cuts ---
2026-01-31 20:37:24 | INFO     |   Processing cut: RUWE < 1.0
2026-01-31 20:37:30 | INFO     |   Processing cut: RUWE < 1.2
2026-01-31 20:37:37 | INFO     |   Processing cut: RUWE < 1.4
2026-01-31 20:37:44 | INFO     |   Processing cut: RUWE < 1.6
2026-01-31 20:37:51 | INFO     |   Processing cut: RUWE < 2.0
2026-01-31 20:37:58 | INFO     |   Processing cut: RUWE < 3.0
2026-01-31 20:38:05 | INFO     |   Processing cut: RUWE < 5.0
2026-01-31 20:38:12 | INFO     | 
======================================================================
2026-01-31 20:38:12 | INFO     | PRECISION-RECALL ANALYSIS
2026-01-31 20:38:12 | INFO     | ======================================================================
2026-01-31 20:38:12 | INFO     |   0.3-0.5 kpc: N=276, AUC=0.4978
2026-01-31 20:38:12 | INFO     |   0.5-0.7 kpc: N=1,214, AUC=0.4970
2026-01-31 20:38:12 | INFO     |   0.7-1.1 kpc: N=7,846, AUC=0.5052
2026-01-31 20:38:12 | INFO     |   1.1-1.6 kpc: N=32,434, AUC=0.5164
2026-01-31 20:38:12 | INFO     |   1.6-2.5 kpc: N=85,024, AUC=0.5270
2026-01-31 20:38:13 | INFO     |   2.5-3.7 kpc: N=223,310, AUC=0.5197
2026-01-31 20:38:13 | INFO     |   3.7-5.5 kpc: N=1,187,144, AUC=0.5784
2026-01-31 20:38:17 | INFO     |   5.5-8.2 kpc: N=12,799,940, AUC=0.7000
2026-01-31 20:38:21 | INFO     |   8.2-12.2 kpc: N=11,361,249, AUC=0.7562
2026-01-31 20:38:22 | INFO     |   12.2-18.2 kpc: N=416,530, AUC=0.9112
2026-01-31 20:38:22 | INFO     |   18.2-27.2 kpc: N=83,165, AUC=0.9322
2026-01-31 20:38:22 | INFO     |   27.2-40.5 kpc: N=32,492, AUC=0.9324
2026-01-31 20:38:22 | INFO     |   40.5-60.5 kpc: N=17,308, AUC=0.9284
2026-01-31 20:38:22 | INFO     |   60.5-90.3 kpc: N=7,222, AUC=0.9249
2026-01-31 20:38:22 | INFO     |   90.3-134.7 kpc: N=3,042, AUC=0.9209
2026-01-31 20:38:22 | INFO     |   134.7-201.0 kpc: N=1,202, AUC=0.9193
2026-01-31 20:38:22 | INFO     |   201.0-300.0 kpc: N=518, AUC=0.9173
2026-01-31 20:38:22 | INFO     | 
======================================================================
2026-01-31 20:38:22 | INFO     | GENERATING PLOTS
2026-01-31 20:38:22 | INFO     | ======================================================================
2026-01-31 20:38:33 | INFO     | 
Plots saved to: /user/sutirtha/BallTree_Xmatch/rigorous_comp_purity_results1
2026-01-31 20:38:33 | INFO     | 
======================================================================
2026-01-31 20:38:33 | INFO     | ANALYSIS COMPLETE
2026-01-31 20:38:33 | INFO     | ======================================================================
2026-01-31 20:38:33 | INFO     | Time: 32.5 min
2026-01-31 20:38:33 | INFO     | Method: lognormal
2026-01-31 20:38:33 | INFO     | Completeness: 0.0459
2026-01-31 20:38:33 | INFO     | Purity: 0.4754
2026-01-31 20:38:33 | INFO     | F1 Score: 0.0836
2026-01-31 20:38:33 | INFO     | Results: /user/sutirtha/BallTree_Xmatch/rigorous_comp_purity_results1/rigorous_analysis_results_v6.json
2026-01-31 20:38:33 | INFO     | 
--------------------------------------------------
2026-01-31 20:38:33 | INFO     | KEY IMPROVEMENTS IN v6:
2026-01-31 20:38:33 | INFO     | --------------------------------------------------
2026-01-31 20:38:33 | INFO     |   - η (core fraction) properly bounded to [0.5, 0.95]
2026-01-31 20:38:33 | INFO     |   - Log-normal mixture for positive quantities
2026-01-31 20:38:33 | INFO     |   - Extreme Deconvolution for error handling
2026-01-31 20:38:33 | INFO     |   - Gamma mixture alternative
2026-01-31 20:38:33 | INFO     |   - Regularized Gaussian with priors
2026-01-31 20:38:33 | INFO     |   - Method comparison included
