=== Sat Jan 31 20:05:58 IST 2026 ===
               total        used        free      shared  buff/cache   available
Mem:           755Gi        12Gi       656Gi       7.0Mi        85Gi       738Gi
Swap:          238Gi       284Mi       238Gi
=== Sat Jan 31 20:10:58 IST 2026 ===
               total        used        free      shared  buff/cache   available
Mem:           755Gi        18Gi       651Gi       7.0Mi        85Gi       732Gi
Swap:          238Gi       284Mi       238Gi
=== Sat Jan 31 20:15:58 IST 2026 ===
               total        used        free      shared  buff/cache   available
Mem:           755Gi        21Gi       648Gi       7.0Mi        85Gi       729Gi
Swap:          238Gi       284Mi       238Gi
=== Sat Jan 31 20:20:58 IST 2026 ===
               total        used        free      shared  buff/cache   available
Mem:           755Gi        21Gi       648Gi       7.0Mi        85Gi       729Gi
Swap:          238Gi       284Mi       238Gi
=== Sat Jan 31 20:25:59 IST 2026 ===
               total        used        free      shared  buff/cache   available
Mem:           755Gi        21Gi       648Gi       7.0Mi        85Gi       729Gi
Swap:          238Gi       284Mi       238Gi
=== Sat Jan 31 20:30:59 IST 2026 ===
               total        used        free      shared  buff/cache   available
Mem:           755Gi        21Gi       647Gi       7.0Mi        85Gi       729Gi
Swap:          238Gi       284Mi       238Gi
=== Sat Jan 31 20:35:59 IST 2026 ===
               total        used        free      shared  buff/cache   available
Mem:           755Gi        21Gi       648Gi       7.0Mi        85Gi       729Gi
Swap:          238Gi       284Mi       238Gi
=== Thu Feb 19 10:29:30 IST 2026 ===
               total        used        free      shared  buff/cache   available
Mem:           755Gi        51Gi       703Gi       6.0Mi       451Mi       700Gi
Swap:          238Gi       300Mi       238Gi
=== Thu Feb 19 10:35:28 IST 2026 ===
               total        used        free      shared  buff/cache   available
Mem:           755Gi       4.3Gi       750Gi       7.0Mi       408Mi       747Gi
Swap:          238Gi       286Mi       238Gi
=== Thu Feb 19 10:40:28 IST 2026 ===
               total        used        free      shared  buff/cache   available
Mem:           755Gi       9.2Gi       661Gi       7.0Mi        84Gi       741Gi
Swap:          238Gi       286Mi       238Gi
=== Thu Feb 19 10:45:28 IST 2026 ===
               total        used        free      shared  buff/cache   available
Mem:           755Gi       9.5Gi       660Gi       7.0Mi        84Gi       741Gi
Swap:          238Gi       286Mi       238Gi
=== Thu Feb 19 10:50:28 IST 2026 ===
               total        used        free      shared  buff/cache   available
Mem:           755Gi       9.4Gi       661Gi       7.0Mi        84Gi       741Gi
Swap:          238Gi       286Mi       238Gi
=== Thu Feb 19 10:55:29 IST 2026 ===
               total        used        free      shared  buff/cache   available
Mem:           755Gi       9.4Gi       661Gi       7.0Mi        84Gi       741Gi
Swap:          238Gi       286Mi       238Gi
=== Thu Feb 19 11:00:29 IST 2026 ===
               total        used        free      shared  buff/cache   available
Mem:           755Gi        10Gi       659Gi       7.0Mi        84Gi       740Gi
Swap:          238Gi       286Mi       238Gi
=== Thu Feb 19 11:05:29 IST 2026 ===
               total        used        free      shared  buff/cache   available
Mem:           755Gi        10Gi       660Gi       7.0Mi        84Gi       740Gi
Swap:          238Gi       286Mi       238Gi
=== Thu Feb 19 11:41:54 IST 2026 ===
               total        used        free      shared  buff/cache   available
Mem:           755Gi       5.2Gi       741Gi       7.0Mi       8.3Gi       746Gi
Swap:          238Gi       256Mi       238Gi
=== Thu Feb 19 11:46:54 IST 2026 ===
               total        used        free      shared  buff/cache   available
Mem:           755Gi        10Gi       652Gi       7.0Mi        92Gi       741Gi
Swap:          238Gi       256Mi       238Gi
=== Thu Feb 19 11:51:54 IST 2026 ===
               total        used        free      shared  buff/cache   available
Mem:           755Gi        10Gi       652Gi       7.0Mi        92Gi       741Gi
Swap:          238Gi       256Mi       238Gi
=== Thu Feb 19 11:56:54 IST 2026 ===
               total        used        free      shared  buff/cache   available
Mem:           755Gi        10Gi       652Gi       7.0Mi        92Gi       741Gi
Swap:          238Gi       256Mi       238Gi
=== Thu Feb 19 12:01:54 IST 2026 ===
               total        used        free      shared  buff/cache   available
Mem:           755Gi        10Gi       652Gi       7.0Mi        92Gi       741Gi
Swap:          238Gi       256Mi       238Gi
=== Thu Feb 19 12:06:54 IST 2026 ===
               total        used        free      shared  buff/cache   available
Mem:           755Gi        11Gi       650Gi       7.0Mi        92Gi       739Gi
Swap:          238Gi       256Mi       238Gi
=== Thu Feb 19 12:10:42 IST 2026 ===
               total        used        free      shared  buff/cache   available
Mem:           755Gi        53Gi       701Gi       6.0Mi       776Mi       698Gi
Swap:          238Gi       300Mi       238Gi
=== Thu Feb 19 12:15:42 IST 2026 ===
               total        used        free      shared  buff/cache   available
Mem:           755Gi        56Gi       613Gi       6.0Mi        85Gi       694Gi
Swap:          238Gi       300Mi       238Gi
=== Thu Feb 19 12:20:42 IST 2026 ===
               total        used        free      shared  buff/cache   available
Mem:           755Gi        56Gi       613Gi       6.0Mi        85Gi       694Gi
Swap:          238Gi       300Mi       238Gi
=== Thu Feb 19 12:25:42 IST 2026 ===
               total        used        free      shared  buff/cache   available
Mem:           755Gi        57Gi       612Gi       6.0Mi        85Gi       693Gi
Swap:          238Gi       300Mi       238Gi
=== Thu Feb 19 12:30:42 IST 2026 ===
               total        used        free      shared  buff/cache   available
Mem:           755Gi        60Gi       609Gi       6.0Mi        85Gi       690Gi
Swap:          238Gi       300Mi       238Gi
=== Thu Feb 19 12:35:42 IST 2026 ===
               total        used        free      shared  buff/cache   available
Mem:           755Gi        57Gi       612Gi       6.0Mi        85Gi       693Gi
Swap:          238Gi       300Mi       238Gi
=== Thu Feb 19 12:40:42 IST 2026 ===
               total        used        free      shared  buff/cache   available
Mem:           755Gi        60Gi       609Gi       6.0Mi        85Gi       690Gi
Swap:          238Gi       300Mi       238Gi
=== Thu Feb 19 12:45:42 IST 2026 ===
               total        used        free      shared  buff/cache   available
Mem:           755Gi        59Gi       610Gi       6.0Mi        85Gi       691Gi
Swap:          238Gi       300Mi       238Gi
=== Thu Feb 19 12:50:42 IST 2026 ===
               total        used        free      shared  buff/cache   available
Mem:           755Gi        62Gi       607Gi       6.0Mi        85Gi       688Gi
Swap:          238Gi       300Mi       238Gi
=== Thu Feb 19 12:55:42 IST 2026 ===
               total        used        free      shared  buff/cache   available
Mem:           755Gi        58Gi       611Gi       6.0Mi        85Gi       692Gi
Swap:          238Gi       300Mi       238Gi
=== Thu Feb 19 13:22:43 IST 2026 ===
               total        used        free      shared  buff/cache   available
Mem:           755Gi       4.3Gi       666Gi       7.0Mi        84Gi       746Gi
Swap:          238Gi       286Mi       238Gi
=== Thu Feb 19 13:25:44 IST 2026 ===
               total        used        free      shared  buff/cache   available
Mem:           755Gi       5.4Gi       656Gi       7.0Mi        93Gi       745Gi
Swap:          238Gi       256Mi       238Gi
=== Thu Feb 19 13:30:44 IST 2026 ===
               total        used        free      shared  buff/cache   available
Mem:           755Gi        10Gi       651Gi       7.0Mi        93Gi       740Gi
Swap:          238Gi       256Mi       238Gi
=== Thu Feb 19 13:35:44 IST 2026 ===
               total        used        free      shared  buff/cache   available
Mem:           755Gi        10Gi       651Gi       7.0Mi        93Gi       741Gi
Swap:          238Gi       256Mi       238Gi
=== Thu Feb 19 13:40:15 IST 2026 ===
               total        used        free      shared  buff/cache   available
Mem:           755Gi        10Gi       651Gi       7.0Mi        93Gi       741Gi
Swap:          238Gi       256Mi       238Gi
=== Thu Feb 19 13:40:44 IST 2026 ===
               total        used        free      shared  buff/cache   available
Mem:           755Gi        10Gi       651Gi       7.0Mi        93Gi       740Gi
Swap:          238Gi       256Mi       238Gi
=== Thu Feb 19 13:45:44 IST 2026 ===
               total        used        free      shared  buff/cache   available
Mem:           755Gi        11Gi       650Gi       7.0Mi        93Gi       739Gi
Swap:          238Gi       256Mi       238Gi
=== Thu Feb 19 13:50:44 IST 2026 ===
               total        used        free      shared  buff/cache   available
Mem:           755Gi        10Gi       650Gi       7.0Mi        94Gi       740Gi
Swap:          238Gi       256Mi       238Gi
=== Thu Feb 19 14:46:30 IST 2026 ===
               total        used        free      shared  buff/cache   available
Mem:           755Gi        55Gi       614Gi       6.0Mi        85Gi       695Gi
Swap:          238Gi       300Mi       238Gi
=== Thu Feb 19 14:51:30 IST 2026 ===
               total        used        free      shared  buff/cache   available
Mem:           755Gi        60Gi       609Gi       6.0Mi        85Gi       690Gi
Swap:          238Gi       300Mi       238Gi
=== Thu Feb 19 14:56:30 IST 2026 ===
               total        used        free      shared  buff/cache   available
Mem:           755Gi        61Gi       607Gi       6.0Mi        85Gi       689Gi
Swap:          238Gi       300Mi       238Gi
=== Thu Feb 19 15:01:30 IST 2026 ===
               total        used        free      shared  buff/cache   available
Mem:           755Gi        59Gi       610Gi       6.0Mi        85Gi       691Gi
Swap:          238Gi       300Mi       238Gi
=== Thu Feb 19 15:06:30 IST 2026 ===
               total        used        free      shared  buff/cache   available
Mem:           755Gi        60Gi       609Gi       6.0Mi        85Gi       690Gi
Swap:          238Gi       300Mi       238Gi
=== Thu Feb 19 15:11:30 IST 2026 ===
               total        used        free      shared  buff/cache   available
Mem:           755Gi        57Gi       612Gi       6.0Mi        85Gi       693Gi
Swap:          238Gi       300Mi       238Gi
=== Thu Feb 19 15:16:30 IST 2026 ===
               total        used        free      shared  buff/cache   available
Mem:           755Gi        62Gi       607Gi       6.0Mi        85Gi       688Gi
Swap:          238Gi       300Mi       238Gi
=== Thu Feb 19 15:21:30 IST 2026 ===
               total        used        free      shared  buff/cache   available
Mem:           755Gi        59Gi       609Gi       6.0Mi        85Gi       691Gi
Swap:          238Gi       300Mi       238Gi
=== Thu Feb 19 15:26:30 IST 2026 ===
               total        used        free      shared  buff/cache   available
Mem:           755Gi        60Gi       608Gi       6.0Mi        85Gi       690Gi
Swap:          238Gi       300Mi       238Gi
=== Thu Feb 19 15:31:30 IST 2026 ===
               total        used        free      shared  buff/cache   available
Mem:           755Gi        59Gi       610Gi       6.0Mi        85Gi       691Gi
Swap:          238Gi       300Mi       238Gi
=== Thu Feb 19 16:17:04 IST 2026 ===
               total        used        free      shared  buff/cache   available
Mem:           755Gi       4.3Gi       665Gi       7.0Mi        85Gi       746Gi
Swap:          238Gi       286Mi       238Gi
=== Thu Feb 19 16:22:05 IST 2026 ===
               total        used        free      shared  buff/cache   available
Mem:           755Gi        10Gi       659Gi       7.0Mi        85Gi       740Gi
Swap:          238Gi       286Mi       238Gi
=== Thu Feb 19 16:27:05 IST 2026 ===
               total        used        free      shared  buff/cache   available
Mem:           755Gi        10Gi       659Gi       7.0Mi        85Gi       740Gi
Swap:          238Gi       286Mi       238Gi
=== Thu Feb 19 16:32:05 IST 2026 ===
               total        used        free      shared  buff/cache   available
Mem:           755Gi        10Gi       659Gi       7.0Mi        85Gi       740Gi
Swap:          238Gi       286Mi       238Gi
=== Thu Feb 19 16:37:05 IST 2026 ===
               total        used        free      shared  buff/cache   available
Mem:           755Gi        12Gi       657Gi       7.0Mi        85Gi       738Gi
Swap:          238Gi       286Mi       238Gi
=== Thu Feb 19 16:42:05 IST 2026 ===
               total        used        free      shared  buff/cache   available
Mem:           755Gi        15Gi       654Gi       7.0Mi        85Gi       735Gi
Swap:          238Gi       286Mi       238Gi
=== Thu Feb 19 17:11:12 IST 2026 ===
               total        used        free      shared  buff/cache   available
Mem:           755Gi       4.5Gi       656Gi       7.0Mi        94Gi       746Gi
Swap:          238Gi       256Mi       238Gi
=== Thu Feb 19 17:16:12 IST 2026 ===
               total        used        free      shared  buff/cache   available
Mem:           755Gi        10Gi       650Gi       7.0Mi        94Gi       740Gi
Swap:          238Gi       256Mi       238Gi
=== Thu Feb 19 17:21:12 IST 2026 ===
               total        used        free      shared  buff/cache   available
Mem:           755Gi        10Gi       650Gi       7.0Mi        94Gi       740Gi
Swap:          238Gi       256Mi       238Gi
=== Thu Feb 19 17:26:12 IST 2026 ===
               total        used        free      shared  buff/cache   available
Mem:           755Gi        10Gi       650Gi       7.0Mi        94Gi       740Gi
Swap:          238Gi       256Mi       238Gi
=== Thu Feb 19 17:31:12 IST 2026 ===
               total        used        free      shared  buff/cache   available
Mem:           755Gi        12Gi       648Gi       7.0Mi        94Gi       739Gi
Swap:          238Gi       256Mi       238Gi
=== Thu Feb 19 17:36:12 IST 2026 ===
               total        used        free      shared  buff/cache   available
Mem:           755Gi        11Gi       649Gi       7.0Mi        94Gi       739Gi
Swap:          238Gi       256Mi       238Gi
=== Thu Feb 19 17:41:12 IST 2026 ===
               total        used        free      shared  buff/cache   available
Mem:           755Gi        11Gi       649Gi       7.0Mi        94Gi       739Gi
Swap:          238Gi       256Mi       238Gi
