=== Sat Jan 31 20:02:35 IST 2026 ===
               total        used        free      shared  buff/cache   available
Mem:           755Gi       4.4Gi       665Gi       7.0Mi        85Gi       746Gi
Swap:          238Gi       284Mi       238Gi
=== Sat Jan 31 20:07:35 IST 2026 ===
               total        used        free      shared  buff/cache   available
Mem:           755Gi        17Gi       652Gi       7.0Mi        85Gi       733Gi
Swap:          238Gi       284Mi       238Gi
=== Sat Jan 31 20:12:35 IST 2026 ===
               total        used        free      shared  buff/cache   available
Mem:           755Gi        21Gi       647Gi       7.0Mi        85Gi       729Gi
Swap:          238Gi       284Mi       238Gi
=== Sat Jan 31 20:17:35 IST 2026 ===
               total        used        free      shared  buff/cache   available
Mem:           755Gi        21Gi       648Gi       7.0Mi        85Gi       730Gi
Swap:          238Gi       284Mi       238Gi
=== Sat Jan 31 20:22:36 IST 2026 ===
               total        used        free      shared  buff/cache   available
Mem:           755Gi        21Gi       648Gi       7.0Mi        85Gi       729Gi
Swap:          238Gi       284Mi       238Gi
=== Sat Jan 31 20:27:36 IST 2026 ===
               total        used        free      shared  buff/cache   available
Mem:           755Gi        21Gi       648Gi       7.0Mi        85Gi       729Gi
Swap:          238Gi       284Mi       238Gi
=== Sat Jan 31 20:32:36 IST 2026 ===
               total        used        free      shared  buff/cache   available
Mem:           755Gi        21Gi       648Gi       7.0Mi        85Gi       729Gi
Swap:          238Gi       284Mi       238Gi
=== Sat Jan 31 20:37:36 IST 2026 ===
               total        used        free      shared  buff/cache   available
Mem:           755Gi        27Gi       642Gi       7.0Mi        85Gi       723Gi
Swap:          238Gi       284Mi       238Gi
=== Sat Jan 31 20:42:36 IST 2026 ===
               total        used        free      shared  buff/cache   available
Mem:           755Gi        19Gi       650Gi       7.0Mi        85Gi       731Gi
Swap:          238Gi       284Mi       238Gi
=== Sat Jan 31 20:47:36 IST 2026 ===
               total        used        free      shared  buff/cache   available
Mem:           755Gi        20Gi       649Gi       7.0Mi        85Gi       730Gi
Swap:          238Gi       284Mi       238Gi
=== Sat Jan 31 20:52:36 IST 2026 ===
               total        used        free      shared  buff/cache   available
Mem:           755Gi        22Gi       647Gi       7.0Mi        85Gi       728Gi
Swap:          238Gi       284Mi       238Gi
=== Sat Jan 31 20:57:36 IST 2026 ===
               total        used        free      shared  buff/cache   available
Mem:           755Gi        14Gi       654Gi       7.0Mi        86Gi       736Gi
Swap:          238Gi       284Mi       238Gi
=== Sat Jan 31 21:02:36 IST 2026 ===
               total        used        free      shared  buff/cache   available
Mem:           755Gi        14Gi       654Gi       7.0Mi        86Gi       736Gi
Swap:          238Gi       284Mi       238Gi
=== Sat Jan 31 21:07:36 IST 2026 ===
               total        used        free      shared  buff/cache   available
Mem:           755Gi        14Gi       654Gi       7.0Mi        86Gi       736Gi
Swap:          238Gi       284Mi       238Gi
=== Sat Jan 31 21:12:36 IST 2026 ===
               total        used        free      shared  buff/cache   available
Mem:           755Gi        14Gi       654Gi       7.0Mi        86Gi       736Gi
Swap:          238Gi       284Mi       238Gi
=== Sat Jan 31 21:17:36 IST 2026 ===
               total        used        free      shared  buff/cache   available
Mem:           755Gi        11Gi       657Gi       7.0Mi        86Gi       739Gi
Swap:          238Gi       284Mi       238Gi
=== Sat Jan 31 21:22:37 IST 2026 ===
               total        used        free      shared  buff/cache   available
Mem:           755Gi        11Gi       657Gi       7.0Mi        86Gi       739Gi
Swap:          238Gi       284Mi       238Gi
=== Sat Jan 31 21:27:37 IST 2026 ===
               total        used        free      shared  buff/cache   available
Mem:           755Gi        11Gi       657Gi       7.0Mi        86Gi       739Gi
Swap:          238Gi       284Mi       238Gi
=== Sat Jan 31 21:32:37 IST 2026 ===
               total        used        free      shared  buff/cache   available
Mem:           755Gi        11Gi       657Gi       7.0Mi        86Gi       739Gi
Swap:          238Gi       284Mi       238Gi
=== Sat Jan 31 21:37:37 IST 2026 ===
               total        used        free      shared  buff/cache   available
Mem:           755Gi        11Gi       657Gi       7.0Mi        86Gi       739Gi
Swap:          238Gi       284Mi       238Gi
=== Sat Jan 31 21:42:37 IST 2026 ===
               total        used        free      shared  buff/cache   available
Mem:           755Gi        11Gi       657Gi       7.0Mi        86Gi       739Gi
Swap:          238Gi       284Mi       238Gi
=== Sat Jan 31 21:47:37 IST 2026 ===
               total        used        free      shared  buff/cache   available
Mem:           755Gi        11Gi       657Gi       7.0Mi        86Gi       739Gi
Swap:          238Gi       284Mi       238Gi
=== Sat Jan 31 21:52:37 IST 2026 ===
               total        used        free      shared  buff/cache   available
Mem:           755Gi        12Gi       657Gi       7.0Mi        86Gi       739Gi
Swap:          238Gi       284Mi       238Gi
=== Sat Jan 31 21:57:37 IST 2026 ===
               total        used        free      shared  buff/cache   available
Mem:           755Gi        11Gi       658Gi       7.0Mi        86Gi       740Gi
Swap:          238Gi       284Mi       238Gi
