=== Sat Jan 31 10:46:52 IST 2026 ===
=== Sat Jan 31 10:48:01 IST 2026 ===
               total        used        free      shared  buff/cache   available
Mem:           755Gi       4.4Gi       750Gi       7.0Mi       399Mi       747Gi
Swap:          238Gi       284Mi       238Gi
=== Sat Jan 31 10:53:01 IST 2026 ===
               total        used        free      shared  buff/cache   available
Mem:           755Gi       9.3Gi       660Gi       7.0Mi        85Gi       741Gi
Swap:          238Gi       284Mi       238Gi
=== Sat Jan 31 10:58:01 IST 2026 ===
               total        used        free      shared  buff/cache   available
Mem:           755Gi       9.2Gi       660Gi       7.0Mi        85Gi       742Gi
Swap:          238Gi       284Mi       238Gi
=== Sat Jan 31 11:03:01 IST 2026 ===
               total        used        free      shared  buff/cache   available
Mem:           755Gi       9.2Gi       660Gi       7.0Mi        85Gi       742Gi
Swap:          238Gi       284Mi       238Gi
=== Sat Jan 31 11:08:01 IST 2026 ===
               total        used        free      shared  buff/cache   available
Mem:           755Gi       9.2Gi       660Gi       7.0Mi        85Gi       742Gi
Swap:          238Gi       284Mi       238Gi
=== Sat Jan 31 11:13:02 IST 2026 ===
               total        used        free      shared  buff/cache   available
Mem:           755Gi       9.2Gi       660Gi       7.0Mi        85Gi       742Gi
Swap:          238Gi       284Mi       238Gi
=== Sat Jan 31 11:18:02 IST 2026 ===
               total        used        free      shared  buff/cache   available
Mem:           755Gi       9.2Gi       660Gi       7.0Mi        85Gi       742Gi
Swap:          238Gi       284Mi       238Gi
=== Sat Jan 31 11:23:02 IST 2026 ===
               total        used        free      shared  buff/cache   available
Mem:           755Gi       9.2Gi       660Gi       7.0Mi        85Gi       742Gi
Swap:          238Gi       284Mi       238Gi
=== Sat Jan 31 11:28:02 IST 2026 ===
               total        used        free      shared  buff/cache   available
Mem:           755Gi       9.2Gi       660Gi       7.0Mi        85Gi       742Gi
Swap:          238Gi       284Mi       238Gi
=== Sat Jan 31 11:33:02 IST 2026 ===
               total        used        free      shared  buff/cache   available
Mem:           755Gi       9.2Gi       660Gi       7.0Mi        85Gi       742Gi
Swap:          238Gi       284Mi       238Gi
=== Sat Jan 31 11:38:02 IST 2026 ===
               total        used        free      shared  buff/cache   available
Mem:           755Gi       9.2Gi       660Gi       7.0Mi        85Gi       742Gi
Swap:          238Gi       284Mi       238Gi
=== Sat Jan 31 11:43:02 IST 2026 ===
               total        used        free      shared  buff/cache   available
Mem:           755Gi       9.2Gi       660Gi       7.0Mi        85Gi       742Gi
Swap:          238Gi       284Mi       238Gi
=== Sat Jan 31 11:48:02 IST 2026 ===
               total        used        free      shared  buff/cache   available
Mem:           755Gi       9.2Gi       660Gi       7.0Mi        85Gi       742Gi
Swap:          238Gi       284Mi       238Gi
=== Sat Jan 31 11:53:02 IST 2026 ===
               total        used        free      shared  buff/cache   available
Mem:           755Gi       9.2Gi       660Gi       7.0Mi        85Gi       742Gi
Swap:          238Gi       284Mi       238Gi
=== Sat Jan 31 11:58:02 IST 2026 ===
               total        used        free      shared  buff/cache   available
Mem:           755Gi       9.2Gi       660Gi       7.0Mi        85Gi       742Gi
Swap:          238Gi       284Mi       238Gi
=== Sat Jan 31 12:03:02 IST 2026 ===
               total        used        free      shared  buff/cache   available
Mem:           755Gi       9.2Gi       660Gi       7.0Mi        85Gi       742Gi
Swap:          238Gi       284Mi       238Gi
=== Sat Jan 31 12:08:02 IST 2026 ===
               total        used        free      shared  buff/cache   available
Mem:           755Gi       9.2Gi       660Gi       7.0Mi        85Gi       742Gi
Swap:          238Gi       284Mi       238Gi
=== Sat Jan 31 12:13:02 IST 2026 ===
               total        used        free      shared  buff/cache   available
Mem:           755Gi       9.2Gi       660Gi       7.0Mi        85Gi       742Gi
Swap:          238Gi       284Mi       238Gi
=== Sat Jan 31 12:18:02 IST 2026 ===
               total        used        free      shared  buff/cache   available
Mem:           755Gi       9.2Gi       660Gi       7.0Mi        85Gi       742Gi
Swap:          238Gi       284Mi       238Gi
=== Sat Jan 31 12:23:03 IST 2026 ===
               total        used        free      shared  buff/cache   available
Mem:           755Gi       9.2Gi       660Gi       7.0Mi        85Gi       742Gi
Swap:          238Gi       284Mi       238Gi
=== Sat Jan 31 12:28:03 IST 2026 ===
               total        used        free      shared  buff/cache   available
Mem:           755Gi       9.2Gi       660Gi       7.0Mi        85Gi       741Gi
Swap:          238Gi       284Mi       238Gi
=== Sat Jan 31 12:33:03 IST 2026 ===
               total        used        free      shared  buff/cache   available
Mem:           755Gi       9.3Gi       660Gi       7.0Mi        85Gi       741Gi
Swap:          238Gi       284Mi       238Gi
=== Sat Jan 31 12:38:03 IST 2026 ===
               total        used        free      shared  buff/cache   available
Mem:           755Gi       9.3Gi       660Gi       7.0Mi        85Gi       741Gi
Swap:          238Gi       284Mi       238Gi
=== Sat Jan 31 12:43:03 IST 2026 ===
               total        used        free      shared  buff/cache   available
Mem:           755Gi       9.3Gi       660Gi       7.0Mi        85Gi       741Gi
Swap:          238Gi       284Mi       238Gi
=== Sat Jan 31 12:48:03 IST 2026 ===
               total        used        free      shared  buff/cache   available
Mem:           755Gi       9.3Gi       660Gi       7.0Mi        85Gi       741Gi
Swap:          238Gi       284Mi       238Gi
=== Sat Jan 31 12:53:03 IST 2026 ===
               total        used        free      shared  buff/cache   available
Mem:           755Gi       9.3Gi       660Gi       7.0Mi        85Gi       741Gi
Swap:          238Gi       284Mi       238Gi
=== Sat Jan 31 12:58:03 IST 2026 ===
               total        used        free      shared  buff/cache   available
Mem:           755Gi       9.3Gi       660Gi       7.0Mi        85Gi       741Gi
Swap:          238Gi       284Mi       238Gi
=== Sat Jan 31 13:03:03 IST 2026 ===
               total        used        free      shared  buff/cache   available
Mem:           755Gi       9.3Gi       660Gi       7.0Mi        85Gi       741Gi
Swap:          238Gi       284Mi       238Gi
=== Sat Jan 31 13:08:03 IST 2026 ===
               total        used        free      shared  buff/cache   available
Mem:           755Gi       9.3Gi       660Gi       7.0Mi        85Gi       741Gi
Swap:          238Gi       284Mi       238Gi
=== Sat Jan 31 13:13:03 IST 2026 ===
               total        used        free      shared  buff/cache   available
Mem:           755Gi       9.3Gi       660Gi       7.0Mi        85Gi       741Gi
Swap:          238Gi       284Mi       238Gi
=== Sat Jan 31 13:18:03 IST 2026 ===
               total        used        free      shared  buff/cache   available
Mem:           755Gi       9.3Gi       660Gi       7.0Mi        85Gi       741Gi
Swap:          238Gi       284Mi       238Gi
=== Sat Jan 31 13:23:03 IST 2026 ===
               total        used        free      shared  buff/cache   available
Mem:           755Gi       9.3Gi       660Gi       7.0Mi        85Gi       741Gi
Swap:          238Gi       284Mi       238Gi
=== Sat Jan 31 13:28:03 IST 2026 ===
               total        used        free      shared  buff/cache   available
Mem:           755Gi       9.3Gi       660Gi       7.0Mi        85Gi       741Gi
Swap:          238Gi       284Mi       238Gi
=== Sat Jan 31 13:33:03 IST 2026 ===
               total        used        free      shared  buff/cache   available
Mem:           755Gi       9.3Gi       660Gi       7.0Mi        85Gi       741Gi
Swap:          238Gi       284Mi       238Gi
=== Sat Jan 31 13:43:28 IST 2026 ===
               total        used        free      shared  buff/cache   available
Mem:           755Gi       6.6Gi       747Gi        12Mi       714Mi       745Gi
Swap:          238Gi       292Mi       238Gi
=== Sat Jan 31 13:48:28 IST 2026 ===
               total        used        free      shared  buff/cache   available
Mem:           755Gi        14Gi       655Gi        12Mi        85Gi       737Gi
Swap:          238Gi       292Mi       238Gi
